sept. 23, 2025 11:12:42 AM com.ui.Main main
INFOS: Application started
sept. 24, 2025 10:40:21 AM com.ui.Main main
INFOS: Application started
sept. 24, 2025 10:40:34 AM com.ui.Main main
INFOS: Application started
sept. 24, 2025 10:41:01 AM com.ui.Main main
INFOS: Application started
sept. 24, 2025 11:53:11 AM com.ui.Main main
INFOS: Application started
sept. 25, 2025 12:12:04 PM com.ui.Main main
INFOS: Application started
sept. 25, 2025 12:12:05 PM com.postgres.JDBCpostgresconnect <init>
INFOS: Connection successfully
sept. 25, 2025 12:12:05 PM com.ui.Main main
INFOS: Database connection succes
sept. 25, 2025 12:33:53 PM com.ui.Main main
INFOS: Application started
sept. 25, 2025 12:33:54 PM com.postgres.JDBCpostgresconnect <init>
INFOS: Connection successfully
sept. 25, 2025 12:33:54 PM com.ui.Main main
INFOS: Database connection success
sept. 25, 2025 12:34:19 PM com.ui.Main main
INFOS: Application started
sept. 25, 2025 12:34:20 PM com.postgres.JDBCpostgresconnect <init>
INFOS: Connection successfully
sept. 25, 2025 12:34:20 PM com.ui.Main main
INFOS: Database connection succes
sept. 25, 2025 3:57:19 PM com.ui.Main main
INFOS: Application started
sept. 25, 2025 3:57:20 PM com.postgres.JDBCpostgresconnect <init>
INFOS: Connection successfully
sept. 25, 2025 3:57:20 PM com.ui.Main main
INFOS: Database connection succes
Sep 25, 2025 2:32:16 PM com.ui.Main main
INFO: Application started
Sep 25, 2025 2:36:03 PM com.ui.Main main
INFO: Application started
Sep 25, 2025 2:40:19 PM com.ui.Main main
INFO: Application started
Sep 25, 2025 2:43:35 PM com.ui.Main main
INFO: Application started
Sep 25, 2025 2:43:35 PM com.postgres.JDBCpostgresconnect <init>
INFO: Connection successfully
Sep 25, 2025 2:43:35 PM com.ui.Main main
INFO: Database connection succes
Sep 25, 2025 2:46:59 PM com.ui.Main main
INFO: Application started
Sep 25, 2025 2:46:59 PM com.postgres.JDBCpostgresconnect <init>
INFO: Connection successfully
Sep 25, 2025 2:46:59 PM com.ui.Main main
INFO: Database connection succes
Sep 25, 2025 2:47:18 PM com.ui.Main main
INFO: Application started
Sep 25, 2025 2:47:18 PM com.postgres.JDBCpostgresconnect <init>
INFO: Connection successfully
Sep 25, 2025 2:47:18 PM com.ui.Main main
INFO: Database connection succes
